Performing C SOURCE FILE Test CMAKE_HAVE_LIBC_PTHREAD failed with the following output:
Change Dir: /home/dominiquefranson/Desktop/gadgetron-starter/build/CMakeFiles/CMakeTmp

Run Build Command(s):/home/dominiquefranson/miniconda3/envs/gadgetron/bin/ninja cmTC_c8081 && [1/2] Building C object CMakeFiles/cmTC_c8081.dir/src.c.o
[2/2] Linking C executable cmTC_c8081
FAILED: cmTC_c8081 
: && /home/dominiquefranson/miniconda3/envs/gadgetron/bin/x86_64-conda-linux-gnu-cc -fPIC -Wl,-O2 -Wl,--sort-common -Wl,--as-needed -Wl,-z,relro -Wl,-z,now -Wl,--disable-new-dtags -Wl,--gc-sections -Wl,-rpath,/home/dominiquefranson/miniconda3/envs/gadgetron/lib -Wl,-rpath-link,/home/dominiquefranson/miniconda3/envs/gadgetron/lib -L/home/dominiquefranson/miniconda3/envs/gadgetron/lib CMakeFiles/cmTC_c8081.dir/src.c.o -o cmTC_c8081   && :
/home/dominiquefranson/miniconda3/envs/gadgetron/bin/../lib/gcc/x86_64-conda-linux-gnu/9.4.0/../../../../x86_64-conda-linux-gnu/bin/ld: CMakeFiles/cmTC_c8081.dir/src.c.o: in function `main':
src.c:(.text+0x2f): undefined reference to `pthread_create'
/home/dominiquefranson/miniconda3/envs/gadgetron/bin/../lib/gcc/x86_64-conda-linux-gnu/9.4.0/../../../../x86_64-conda-linux-gnu/bin/ld: src.c:(.text+0x3b): undefined reference to `pthread_detach'
/home/dominiquefranson/miniconda3/envs/gadgetron/bin/../lib/gcc/x86_64-conda-linux-gnu/9.4.0/../../../../x86_64-conda-linux-gnu/bin/ld: src.c:(.text+0x47): undefined reference to `pthread_cancel'
/home/dominiquefranson/miniconda3/envs/gadgetron/bin/../lib/gcc/x86_64-conda-linux-gnu/9.4.0/../../../../x86_64-conda-linux-gnu/bin/ld: src.c:(.text+0x58): undefined reference to `pthread_join'
/home/dominiquefranson/miniconda3/envs/gadgetron/bin/../lib/gcc/x86_64-conda-linux-gnu/9.4.0/../../../../x86_64-conda-linux-gnu/bin/ld: src.c:(.text+0x6c): undefined reference to `pthread_atfork'
collect2: error: ld returned 1 exit status
ninja: build stopped: subcommand failed.


Source file was:
#include <pthread.h>

static void* test_func(void* data)
{
  return data;
}

int main(void)
{
  pthread_t thread;
  pthread_create(&thread, NULL, test_func, NULL);
  pthread_detach(thread);
  pthread_cancel(thread);
  pthread_join(thread, NULL);
  pthread_atfork(NULL, NULL, NULL);
  pthread_exit(NULL);

  return 0;
}

Determining if the function pthread_create exists in the pthreads failed with the following output:
Change Dir: /home/dominiquefranson/Desktop/gadgetron-starter/build/CMakeFiles/CMakeTmp

Run Build Command(s):/home/dominiquefranson/miniconda3/envs/gadgetron/bin/ninja cmTC_eea7e && [1/2] Building C object CMakeFiles/cmTC_eea7e.dir/CheckFunctionExists.c.o
[2/2] Linking C executable cmTC_eea7e
FAILED: cmTC_eea7e 
: && /home/dominiquefranson/miniconda3/envs/gadgetron/bin/x86_64-conda-linux-gnu-cc -fPIC -DCHECK_FUNCTION_EXISTS=pthread_create -Wl,-O2 -Wl,--sort-common -Wl,--as-needed -Wl,-z,relro -Wl,-z,now -Wl,--disable-new-dtags -Wl,--gc-sections -Wl,-rpath,/home/dominiquefranson/miniconda3/envs/gadgetron/lib -Wl,-rpath-link,/home/dominiquefranson/miniconda3/envs/gadgetron/lib -L/home/dominiquefranson/miniconda3/envs/gadgetron/lib CMakeFiles/cmTC_eea7e.dir/CheckFunctionExists.c.o -o cmTC_eea7e  -lpthreads && :
/home/dominiquefranson/miniconda3/envs/gadgetron/bin/../lib/gcc/x86_64-conda-linux-gnu/9.4.0/../../../../x86_64-conda-linux-gnu/bin/ld: cannot find -lpthreads
collect2: error: ld returned 1 exit status
ninja: build stopped: subcommand failed.



